# JRE version: OpenJDK Runtime Environment (8.0_171-b11) (build 1.8.0_171-8u171-b11-2-b11)
# Java VM: OpenJDK 64-Bit Server VM (25.171-b11 mixed mode linux-amd64 compressed oops)
Heap:
 PSYoungGen      total 36352K, used 11475K [0x00000000d7800000, 0x00000000da680000, 0x0000000100000000)
  eden space 31232K, 20% used [0x00000000d7800000,0x00000000d7e34f28,0x00000000d9680000)
  from space 5120K, 100% used [0x00000000d9b80000,0x00000000da080000,0x00000000da080000)
  to   space 5120K, 0% used [0x00000000d9680000,0x00000000d9680000,0x00000000d9b80000)
 ParOldGen       total 61440K, used 5453K [0x0000000086800000, 0x000000008a400000, 0x00000000d7800000)
  object space 61440K, 8% used [0x0000000086800000,0x0000000086d53530,0x000000008a400000)
 Metaspace       used 32665K, capacity 33658K, committed 33792K, reserved 1077248K
  class space    used 5607K, capacity 5819K, committed 5888K, reserved 1048576K
GC Heap History (6 events):
Event: 1.223 GC heap before
{Heap before GC invocations=1 (full 0):
 PSYoungGen      total 36352K, used 14380K [0x00000000d7800000, 0x00000000da080000, 0x0000000100000000)
  eden space 31232K, 46% used [0x00000000d7800000,0x00000000d860b1f0,0x00000000d9680000)
  from space 5120K, 0% used [0x00000000d9b80000,0x00000000d9b80000,0x00000000da080000)
  to   space 5120K, 0% used [0x00000000d9680000,0x00000000d9680000,0x00000000d9b80000)
 ParOldGen       total 83456K, used 0K [0x0000000086800000, 0x000000008b980000, 0x00000000d7800000)
  object space 83456K, 0% used [0x0000000086800000,0x0000000086800000,0x000000008b980000)
 Metaspace       used 20698K, capacity 21216K, committed 21296K, reserved 1067008K
  class space    used 3526K, capacity 3646K, committed 3712K, reserved 1048576K
Event: 1.231 GC heap after
Heap after GC invocations=1 (full 0):
 PSYoungGen      total 36352K, used 4000K [0x00000000d7800000, 0x00000000da080000, 0x0000000100000000)
  eden space 31232K, 0% used [0x00000000d7800000,0x00000000d7800000,0x00000000d9680000)
  from space 5120K, 78% used [0x00000000d9680000,0x00000000d9a68030,0x00000000d9b80000)
  to   space 5120K, 0% used [0x00000000d9b80000,0x00000000d9b80000,0x00000000da080000)
 ParOldGen       total 83456K, used 16K [0x0000000086800000, 0x000000008b980000, 0x00000000d7800000)
  object space 83456K, 0% used [0x0000000086800000,0x0000000086804000,0x000000008b980000)
 Metaspace       used 20698K, capacity 21216K, committed 21296K, reserved 1067008K
  class space    used 3526K, capacity 3646K, committed 3712K, reserved 1048576K
}
Event: 1.231 GC heap before
{Heap before GC invocations=2 (full 1):
 PSYoungGen      total 36352K, used 4000K [0x00000000d7800000, 0x00000000da080000, 0x0000000100000000)
  eden space 31232K, 0% used [0x00000000d7800000,0x00000000d7800000,0x00000000d9680000)
  from space 5120K, 78% used [0x00000000d9680000,0x00000000d9a68030,0x00000000d9b80000)
  to   space 5120K, 0% used [0x00000000d9b80000,0x00000000d9b80000,0x00000000da080000)
 ParOldGen       total 83456K, used 16K [0x0000000086800000, 0x000000008b980000, 0x00000000d7800000)
  object space 83456K, 0% used [0x0000000086800000,0x0000000086804000,0x000000008b980000)
 Metaspace       used 20698K, capacity 21216K, committed 21296K, reserved 1067008K
  class space    used 3526K, capacity 3646K, committed 3712K, reserved 1048576K
Event: 1.271 GC heap after
Heap after GC invocations=2 (full 1):
 PSYoungGen      total 36352K, used 0K [0x00000000d7800000, 0x00000000da080000, 0x0000000100000000)
  eden space 31232K, 0% used [0x00000000d7800000,0x00000000d7800000,0x00000000d9680000)
  from space 5120K, 0% used [0x00000000d9680000,0x00000000d9680000,0x00000000d9b80000)
  to   space 5120K, 0% used [0x00000000d9b80000,0x00000000d9b80000,0x00000000da080000)
 ParOldGen       total 61440K, used 3949K [0x0000000086800000, 0x000000008a400000, 0x00000000d7800000)
  object space 61440K, 6% used [0x0000000086800000,0x0000000086bdb7f8,0x000000008a400000)
 Metaspace       used 20698K, capacity 21216K, committed 21296K, reserved 1067008K
  class space    used 3526K, capacity 3646K, committed 3712K, reserved 1048576K
}
Event: 3.476 GC heap before
{Heap before GC invocations=3 (full 1):
 PSYoungGen      total 36352K, used 31232K [0x00000000d7800000, 0x00000000da080000, 0x0000000100000000)
  eden space 31232K, 100% used [0x00000000d7800000,0x00000000d9680000,0x00000000d9680000)
  from space 5120K, 0% used [0x00000000d9680000,0x00000000d9680000,0x00000000d9b80000)
  to   space 5120K, 0% used [0x00000000d9b80000,0x00000000d9b80000,0x00000000da080000)
 ParOldGen       total 61440K, used 3949K [0x0000000086800000, 0x000000008a400000, 0x00000000d7800000)
  object space 61440K, 6% used [0x0000000086800000,0x0000000086bdb7f8,0x000000008a400000)
 Metaspace       used 32010K, capacity 32882K, committed 33152K, reserved 1077248K
  class space    used 5525K, capacity 5699K, committed 5760K, reserved 1048576K
Event: 3.496 GC heap after
Heap after GC invocations=3 (full 1):
 PSYoungGen      total 36352K, used 5120K [0x00000000d7800000, 0x00000000da680000, 0x0000000100000000)
  eden space 31232K, 0% used [0x00000000d7800000,0x00000000d7800000,0x00000000d9680000)
  from space 5120K, 100% used [0x00000000d9b80000,0x00000000da080000,0x00000000da080000)
  to   space 5120K, 0% used [0x00000000d9680000,0x00000000d9680000,0x00000000d9b80000)
 ParOldGen       total 61440K, used 5453K [0x0000000086800000, 0x000000008a400000, 0x00000000d7800000)
  object space 61440K, 8% used [0x0000000086800000,0x0000000086d53530,0x000000008a400000)
 Metaspace       used 32010K, capacity 32882K, committed 33152K, reserved 1077248K
  class space    used 5525K, capacity 5699K, committed 5760K, reserved 1048576K
}

